<?xml version="1.0" encoding="UTF-8"?>
<!-- Generated by org.testng.reporters.JUnitXMLReporter -->
<testsuite ignored="0" hostname="DESKTOP-7EUDCAL" failures="0" tests="10" name="Default test" time="0.118" errors="0" timestamp="2025-06-25T22:55:33 GMT-03:00">
  <testcase classname="Invocation.InvocationTest" name="test" time="0.013"/>
  <testcase classname="Invocation.InvocationTest" name="test" time="0.001"/>
  <testcase classname="Invocation.InvocationTest" name="test" time="0.001"/>
  <testcase classname="Invocation.InvocationTest" name="test" time="0.001"/>
  <testcase classname="Invocation.InvocationTest" name="test" time="0.002"/>
  <testcase classname="Invocation.InvocationTest" name="test" time="0.003"/>
  <testcase classname="Invocation.InvocationTest" name="test" time="0.002"/>
  <testcase classname="Invocation.InvocationTest" name="test" time="0.001"/>
  <testcase classname="Invocation.InvocationTest" name="test" time="0.01"/>
  <testcase classname="Invocation.InvocationTest" name="test" time="0.003"/>
</testsuite> <!-- Default test -->
