<?xml version="1.0" encoding="UTF-8"?>
<testng-results ignored="0" total="2" passed="2" failed="0" skipped="0">
  <reporter-output>
  </reporter-output>
  <suite started-at="2025-06-25T12:18:18 GMT-03:00" name="Default suite" finished-at="2025-06-25T12:18:18 GMT-03:00" duration-ms="64">
    <groups>
    </groups>
    <test started-at="2025-06-25T12:18:18 GMT-03:00" name="Default test" finished-at="2025-06-25T12:18:18 GMT-03:00" duration-ms="64">
      <class name="SampleTest">
        <test-method signature="method1()[pri:0, instance:SampleTest@247d8ae]" started-at="2025-06-25T12:18:18 GMT-03:00" name="method1" finished-at="2025-06-25T12:18:18 GMT-03:00" duration-ms="10" status="PASS">
          <reporter-output>
          </reporter-output>
        </test-method> <!-- method1 -->
        <test-method signature="method2()[pri:0, instance:SampleTest@247d8ae]" started-at="2025-06-25T12:18:18 GMT-03:00" name="method2" finished-at="2025-06-25T12:18:18 GMT-03:00" duration-ms="2" status="PASS">
          <reporter-output>
          </reporter-output>
        </test-method> <!-- method2 -->
      </class> <!-- SampleTest -->
    </test> <!-- Default test -->
  </suite> <!-- Default suite -->
</testng-results>
