<?xml version="1.0" encoding="UTF-8"?>
<testng-results ignored="0" total="10" passed="10" failed="0" skipped="0">
  <reporter-output>
  </reporter-output>
  <suite started-at="2025-06-25T22:55:33 GMT-03:00" name="Default suite" finished-at="2025-06-25T22:55:33 GMT-03:00" duration-ms="118">
    <groups>
    </groups>
    <test started-at="2025-06-25T22:55:33 GMT-03:00" name="Default test" finished-at="2025-06-25T22:55:33 GMT-03:00" duration-ms="118">
      <class name="Invocation.InvocationTest">
        <test-method signature="test()[pri:0, instance:Invocation.InvocationTest@550ee7e5]" started-at="2025-06-25T22:55:33 GMT-03:00" name="test" finished-at="2025-06-25T22:55:33 GMT-03:00" duration-ms="13" status="PASS">
          <reporter-output>
          </reporter-output>
        </test-method> <!-- test -->
        <test-method signature="test()[pri:0, instance:Invocation.InvocationTest@550ee7e5]" started-at="2025-06-25T22:55:33 GMT-03:00" name="test" finished-at="2025-06-25T22:55:33 GMT-03:00" duration-ms="1" status="PASS">
          <reporter-output>
          </reporter-output>
        </test-method> <!-- test -->
        <test-method signature="test()[pri:0, instance:Invocation.InvocationTest@550ee7e5]" started-at="2025-06-25T22:55:33 GMT-03:00" name="test" finished-at="2025-06-25T22:55:33 GMT-03:00" duration-ms="1" status="PASS">
          <reporter-output>
          </reporter-output>
        </test-method> <!-- test -->
        <test-method signature="test()[pri:0, instance:Invocation.InvocationTest@550ee7e5]" started-at="2025-06-25T22:55:33 GMT-03:00" name="test" finished-at="2025-06-25T22:55:33 GMT-03:00" duration-ms="1" status="PASS">
          <reporter-output>
          </reporter-output>
        </test-method> <!-- test -->
        <test-method signature="test()[pri:0, instance:Invocation.InvocationTest@550ee7e5]" started-at="2025-06-25T22:55:33 GMT-03:00" name="test" finished-at="2025-06-25T22:55:33 GMT-03:00" duration-ms="2" status="PASS">
          <reporter-output>
          </reporter-output>
        </test-method> <!-- test -->
        <test-method signature="test()[pri:0, instance:Invocation.InvocationTest@550ee7e5]" started-at="2025-06-25T22:55:33 GMT-03:00" name="test" finished-at="2025-06-25T22:55:33 GMT-03:00" duration-ms="3" status="PASS">
          <reporter-output>
          </reporter-output>
        </test-method> <!-- test -->
        <test-method signature="test()[pri:0, instance:Invocation.InvocationTest@550ee7e5]" started-at="2025-06-25T22:55:33 GMT-03:00" name="test" finished-at="2025-06-25T22:55:33 GMT-03:00" duration-ms="2" status="PASS">
          <reporter-output>
          </reporter-output>
        </test-method> <!-- test -->
        <test-method signature="test()[pri:0, instance:Invocation.InvocationTest@550ee7e5]" started-at="2025-06-25T22:55:33 GMT-03:00" name="test" finished-at="2025-06-25T22:55:33 GMT-03:00" duration-ms="1" status="PASS">
          <reporter-output>
          </reporter-output>
        </test-method> <!-- test -->
        <test-method signature="test()[pri:0, instance:Invocation.InvocationTest@550ee7e5]" started-at="2025-06-25T22:55:33 GMT-03:00" name="test" finished-at="2025-06-25T22:55:33 GMT-03:00" duration-ms="10" status="PASS">
          <reporter-output>
          </reporter-output>
        </test-method> <!-- test -->
        <test-method signature="test()[pri:0, instance:Invocation.InvocationTest@550ee7e5]" started-at="2025-06-25T22:55:33 GMT-03:00" name="test" finished-at="2025-06-25T22:55:33 GMT-03:00" duration-ms="3" status="PASS">
          <reporter-output>
          </reporter-output>
        </test-method> <!-- test -->
      </class> <!-- Invocation.InvocationTest -->
    </test> <!-- Default test -->
  </suite> <!-- Default suite -->
</testng-results>
