<?xml version="1.0" encoding="UTF-8"?>
<testng-results ignored="0" total="2" passed="2" failed="0" skipped="0">
  <reporter-output>
  </reporter-output>
  <suite started-at="2025-06-30T23:07:12 GMT-03:00" name="Default suite" finished-at="2025-06-30T23:07:23 GMT-03:00" duration-ms="10992">
    <groups>
    </groups>
    <test started-at="2025-06-30T23:07:12 GMT-03:00" name="Default test" finished-at="2025-06-30T23:07:23 GMT-03:00" duration-ms="10992">
      <class name="com.sauce.testcases.LoginTest">
        <test-method is-config="true" signature="init()[pri:0, instance:com.sauce.testcases.LoginTest@6fd83fc1]" started-at="2025-06-30T23:07:12 GMT-03:00" name="init" finished-at="2025-06-30T23:07:17 GMT-03:00" duration-ms="5216" status="PASS">
          <reporter-output>
          </reporter-output>
        </test-method> <!-- init -->
        <test-method signature="validLogin()[pri:1, instance:com.sauce.testcases.LoginTest@6fd83fc1]" started-at="2025-06-30T23:07:17 GMT-03:00" name="validLogin" finished-at="2025-06-30T23:07:19 GMT-03:00" duration-ms="1381" status="PASS">
          <reporter-output>
          </reporter-output>
        </test-method> <!-- validLogin -->
        <test-method is-config="true" signature="teardown()[pri:0, instance:com.sauce.testcases.LoginTest@6fd83fc1]" started-at="2025-06-30T23:07:19 GMT-03:00" name="teardown" finished-at="2025-06-30T23:07:19 GMT-03:00" duration-ms="349" status="PASS">
          <reporter-output>
          </reporter-output>
        </test-method> <!-- teardown -->
        <test-method is-config="true" signature="init()[pri:0, instance:com.sauce.testcases.LoginTest@6fd83fc1]" started-at="2025-06-30T23:07:19 GMT-03:00" name="init" finished-at="2025-06-30T23:07:22 GMT-03:00" duration-ms="2578" status="PASS">
          <reporter-output>
          </reporter-output>
        </test-method> <!-- init -->
        <test-method signature="invalidLogin()[pri:2, instance:com.sauce.testcases.LoginTest@6fd83fc1]" started-at="2025-06-30T23:07:22 GMT-03:00" name="invalidLogin" finished-at="2025-06-30T23:07:23 GMT-03:00" duration-ms="1051" status="PASS">
          <reporter-output>
          </reporter-output>
        </test-method> <!-- invalidLogin -->
        <test-method is-config="true" signature="teardown()[pri:0, instance:com.sauce.testcases.LoginTest@6fd83fc1]" started-at="2025-06-30T23:07:23 GMT-03:00" name="teardown" finished-at="2025-06-30T23:07:23 GMT-03:00" duration-ms="284" status="PASS">
          <reporter-output>
          </reporter-output>
        </test-method> <!-- teardown -->
      </class> <!-- com.sauce.testcases.LoginTest -->
    </test> <!-- Default test -->
  </suite> <!-- Default suite -->
</testng-results>
