<?xml version="1.0" encoding="UTF-8"?>
<!-- Generated by org.testng.reporters.JUnitXMLReporter -->
<testsuite ignored="0" hostname="DESKTOP-7EUDCAL" failures="0" tests="3" name="sauceTest" time="16.385" errors="0" timestamp="2025-07-06T01:00:17 GMT-03:00">
  <testcase classname="com.sauce.testcases.LoginTest" name="validLogin" time="2.143"/>
  <testcase classname="com.sauce.testcases.LoginTest" name="invalidLogin" time="1.179"/>
  <testcase classname="com.sauce.testcases.HomeTest" name="addCart" time="1.234"/>
</testsuite> <!-- sauceTest -->
