<?xml version="1.0" encoding="UTF-8"?>
<!-- Generated by org.testng.reporters.JUnitXMLReporter -->
<testsuite ignored="0" hostname="DESKTOP-7EUDCAL" failures="0" tests="3" name="Test" time="15.023" errors="0" timestamp="2025-06-27T22:05:56 GMT-03:00">
  <testcase classname="Parallel.Parallel_Execution" name="test1" time="13.986"/>
  <testcase classname="Parallel.Parallel_Execution" name="test2" time="14.408"/>
  <testcase classname="Parallel.Parallel_Execution" name="test3" time="14.833"/>
</testsuite> <!-- Test -->
