<?xml version="1.0" encoding="UTF-8"?>
<!-- Generated by org.testng.reporters.JUnitXMLReporter -->
<testsuite ignored="3" hostname="DESKTOP-7EUDCAL" failures="0" tests="2" name="Test" time="0.076" errors="0" timestamp="2025-06-26T23:06:13 GMT-03:00">
  <testcase classname="Groups.GroupTest" name="test1" time="0.015"/>
  <testcase classname="Groups.GroupTest" name="test2" time="0.001"/>
  <testcase classname="Groups.GroupTest" name="test5" time="0.0">
    <ignored/>
  </testcase> <!-- test5 -->
  <testcase classname="Groups.GroupTest" name="test4" time="0.0">
    <ignored/>
  </testcase> <!-- test4 -->
  <testcase classname="Groups.GroupTest" name="test3" time="0.0">
    <ignored/>
  </testcase> <!-- test3 -->
</testsuite> <!-- Test -->
