<?xml version="1.0" encoding="UTF-8"?>
<testng-results ignored="3" total="5" passed="2" failed="0" skipped="0">
  <reporter-output>
  </reporter-output>
  <suite started-at="2025-06-26T23:06:13 GMT-03:00" name="Suite" finished-at="2025-06-26T23:06:13 GMT-03:00" duration-ms="76">
    <groups>
      <group name="Sanity">
        <method signature="GroupTest.test2()[pri:0, instance:Groups.GroupTest@932bc4a]" name="test2" class="Groups.GroupTest"/>
      </group> <!-- Sanity -->
      <group name="Smoke">
        <method signature="GroupTest.test1()[pri:0, instance:Groups.GroupTest@932bc4a]" name="test1" class="Groups.GroupTest"/>
        <method signature="GroupTest.test2()[pri:0, instance:Groups.GroupTest@932bc4a]" name="test2" class="Groups.GroupTest"/>
      </group> <!-- Smoke -->
    </groups>
    <test started-at="2025-06-26T23:06:13 GMT-03:00" name="Test" finished-at="2025-06-26T23:06:13 GMT-03:00" duration-ms="76">
      <class name="Groups.GroupTest">
        <test-method signature="test1()[pri:0, instance:Groups.GroupTest@932bc4a]" started-at="2025-06-26T23:06:13 GMT-03:00" name="test1" finished-at="2025-06-26T23:06:13 GMT-03:00" duration-ms="15" status="PASS">
          <reporter-output>
          </reporter-output>
        </test-method> <!-- test1 -->
        <test-method signature="test2()[pri:0, instance:Groups.GroupTest@932bc4a]" started-at="2025-06-26T23:06:13 GMT-03:00" name="test2" finished-at="2025-06-26T23:06:13 GMT-03:00" duration-ms="1" status="PASS">
          <reporter-output>
          </reporter-output>
        </test-method> <!-- test2 -->
      </class> <!-- Groups.GroupTest -->
    </test> <!-- Test -->
  </suite> <!-- Suite -->
</testng-results>
