<?xml version="1.0" encoding="UTF-8"?>
<testng-results ignored="0" total="3" passed="3" failed="0" skipped="0">
  <reporter-output>
  </reporter-output>
  <suite started-at="2025-07-06T01:00:01 GMT-03:00" name="SauceSuite" finished-at="2025-07-06T01:00:17 GMT-03:00" duration-ms="16385">
    <groups>
    </groups>
    <test started-at="2025-07-06T01:00:01 GMT-03:00" name="sauceTest" finished-at="2025-07-06T01:00:17 GMT-03:00" duration-ms="16385">
      <class name="com.sauce.testcases.HomeTest">
        <test-method is-config="true" signature="init()[pri:0, instance:com.sauce.testcases.HomeTest@3c7f66c4]" started-at="2025-07-06T01:00:12 GMT-03:00" name="init" finished-at="2025-07-06T01:00:15 GMT-03:00" duration-ms="3307" status="PASS">
          <reporter-output>
          </reporter-output>
        </test-method> <!-- init -->
        <test-method signature="addCart()[pri:0, instance:com.sauce.testcases.HomeTest@3c7f66c4]" started-at="2025-07-06T01:00:15 GMT-03:00" name="addCart" finished-at="2025-07-06T01:00:17 GMT-03:00" duration-ms="1234" status="PASS">
          <reporter-output>
          </reporter-output>
        </test-method> <!-- addCart -->
        <test-method is-config="true" signature="teardown()[pri:0, instance:com.sauce.testcases.HomeTest@3c7f66c4]" started-at="2025-07-06T01:00:17 GMT-03:00" name="teardown" finished-at="2025-07-06T01:00:17 GMT-03:00" duration-ms="408" status="PASS">
          <reporter-output>
          </reporter-output>
        </test-method> <!-- teardown -->
      </class> <!-- com.sauce.testcases.HomeTest -->
      <class name="com.sauce.testcases.LoginTest">
        <test-method is-config="true" signature="init()[pri:0, instance:com.sauce.testcases.LoginTest@169e6180]" started-at="2025-07-06T01:00:01 GMT-03:00" name="init" finished-at="2025-07-06T01:00:05 GMT-03:00" duration-ms="4296" status="PASS">
          <reporter-output>
          </reporter-output>
        </test-method> <!-- init -->
        <test-method signature="validLogin()[pri:1, instance:com.sauce.testcases.LoginTest@169e6180]" started-at="2025-07-06T01:00:05 GMT-03:00" name="validLogin" finished-at="2025-07-06T01:00:07 GMT-03:00" duration-ms="2143" status="PASS">
          <reporter-output>
          </reporter-output>
        </test-method> <!-- validLogin -->
        <test-method is-config="true" signature="teardown()[pri:0, instance:com.sauce.testcases.LoginTest@169e6180]" started-at="2025-07-06T01:00:07 GMT-03:00" name="teardown" finished-at="2025-07-06T01:00:07 GMT-03:00" duration-ms="374" status="PASS">
          <reporter-output>
          </reporter-output>
        </test-method> <!-- teardown -->
        <test-method is-config="true" signature="init()[pri:0, instance:com.sauce.testcases.LoginTest@169e6180]" started-at="2025-07-06T01:00:07 GMT-03:00" name="init" finished-at="2025-07-06T01:00:10 GMT-03:00" duration-ms="2959" status="PASS">
          <reporter-output>
          </reporter-output>
        </test-method> <!-- init -->
        <test-method signature="invalidLogin()[pri:2, instance:com.sauce.testcases.LoginTest@169e6180]" started-at="2025-07-06T01:00:10 GMT-03:00" name="invalidLogin" finished-at="2025-07-06T01:00:12 GMT-03:00" duration-ms="1179" status="PASS">
          <reporter-output>
          </reporter-output>
        </test-method> <!-- invalidLogin -->
        <test-method is-config="true" signature="teardown()[pri:0, instance:com.sauce.testcases.LoginTest@169e6180]" started-at="2025-07-06T01:00:12 GMT-03:00" name="teardown" finished-at="2025-07-06T01:00:12 GMT-03:00" duration-ms="347" status="PASS">
          <reporter-output>
          </reporter-output>
        </test-method> <!-- teardown -->
      </class> <!-- com.sauce.testcases.LoginTest -->
    </test> <!-- sauceTest -->
  </suite> <!-- SauceSuite -->
</testng-results>
